<!DOCTYPE html PUBLIC "-//W3C//DTD XHTML 1.1//EN" "https://www.w3.org/TR/xhtml11/DTD/xhtml11.dtd">
<html xmlns="https://www.w3.org/1999/xhtml">
<head>
<meta http-equiv="content-type" content="text/html; charset=UTF-8"/>
<title>TestNG Report</title>
<style type="text/css">table {margin-bottom:10px;border-collapse:collapse;empty-cells:show}th,td {border:1px solid #009;padding:.25em .5em}th {vertical-align:bottom}td {vertical-align:top}table a {font-weight:bold}.stripe td {background-color: #E6EBF9}.num {text-align:right}.passedodd td {background-color: #3F3}.passedeven td {background-color: #0A0}.skippedodd td {background-color: #DDD}.skippedeven td {background-color: #CCC}.failedodd td,.attn {background-color: #F33}.failedeven td,.stripe .attn {background-color: #D00}.stacktrace {white-space:pre;font-family:monospace}.totop {font-size:85%;text-align:center;border-bottom:2px solid #000}.invisible {display:none}</style>
</head>
<body>
<table>
<tr><th>Test</th><th># Passed</th><th># Skipped</th><th># Retried</th><th># Failed</th><th>Time (ms)</th><th>Included Groups</th><th>Excluded Groups</th></tr>
<tr><th colspan="8">Parabank Test Suite</th></tr>
<tr><td><a href="#t0">Parabank Tests</a></td><td class="num">0</td><td class="num">0</td><td class="num">0</td><td class="num attn">4</td><td class="num">89,311</td><td></td><td></td></tr>
</table>
<table id='summary'><thead><tr><th>Class</th><th>Method</th><th>Start</th><th>Time (ms)</th></tr></thead><tbody><tr><th colspan="4">Parabank Test Suite</th></tr></tbody><tbody id="t0"><tr><th colspan="4">Parabank Tests &#8212; failed</th></tr><tr class="failedeven"><td rowspan="4">com.Parabank</td><td><a href="#m0">Login</a></td><td rowspan="2">1755773714566</td><td rowspan="2">17911</td></tr><tr class="failedeven"><td><a href="#m1">Login</a></td></tr><tr class="failedeven"><td><a href="#m2">RegisterNewUser</a></td><td rowspan="2">1755773697994</td><td rowspan="2">16212</td></tr><tr class="failedeven"><td><a href="#m3">RegisterNewUser</a></td></tr></tbody>
</table>
<h2>Parabank Tests</h2><h3 id="m0">com.Parabank#Login</h3><table class="result"><tr class="param"><th>Parameter #1</th><th>Parameter #2</th></tr><tr class="param stripe"><td>saiuser1290180</td><td>sai@123</td></tr><tr><th colspan="2">Exception</th></tr><tr><td colspan="2"><div class="stacktrace">org.openqa.selenium.TimeoutException: Expected condition failed: waiting for element to be clickable: By.name: sername (tried for 15 second(s) with 500 milliseconds interval)
Build info: version: &apos;4.34.0&apos;, revision: &apos;707dcb4246*&apos;
System info: os.name: &apos;Windows 10&apos;, os.arch: &apos;amd64&apos;, os.version: &apos;10.0&apos;, java.version: &apos;24.0.2&apos;
Driver info: org.openqa.selenium.chrome.ChromeDriver
Capabilities {acceptInsecureCerts: false, browserName: chrome, browserVersion: 139.0.7258.138, chrome: {chromedriverVersion: 139.0.7258.138 (884e54ea8d4..., userDataDir: C:\Users\saim0\AppData\Loca...}, fedcm:accounts: true, goog:chromeOptions: {debuggerAddress: localhost:50495}, networkConnectionEnabled: false, pageLoadStrategy: normal, platformName: windows, proxy: Proxy(), se:cdp: ws://localhost:50495/devtoo..., se:cdpVersion: 139.0.7258.138, setWindowRect: true, strictFileInteractability: false, timeouts: {implicit: 0, pageLoad: 300000, script: 30000}, unhandledPromptBehavior: dismiss and notify, webauthn:extension:credBlob: true, webauthn:extension:largeBlob: true, webauthn:extension:minPinLength: true, webauthn:extension:prf: true, webauthn:virtualAuthenticators: true}
Session ID: 0abb41504bcbf3cfbf4694765faeee78
	at org.openqa.selenium.support.ui.WebDriverWait.timeoutException(WebDriverWait.java:84)
	at org.openqa.selenium.support.ui.FluentWait.until(FluentWait.java:228)
	at pages.LoginPage.setUsername(LoginPage.java:26)
	at com.Parabank.Login(Parabank.java:92)
	at java.base/java.util.ArrayList.forEach(ArrayList.java:1604)
... Removed 25 stack frames</div></td></tr></table><p class="totop"><a href="#summary">back to summary</a></p>
<h3 id="m1">com.Parabank#Login</h3><table class="result"><tr class="param"><th>Parameter #1</th><th>Parameter #2</th></tr><tr class="param stripe"><td>prabaluser1290180</td><td>prabal@123</td></tr><tr><th colspan="2">Exception</th></tr><tr><td colspan="2"><div class="stacktrace">org.openqa.selenium.TimeoutException: Expected condition failed: waiting for element to be clickable: By.name: sername (tried for 15 second(s) with 500 milliseconds interval)
Build info: version: &apos;4.34.0&apos;, revision: &apos;707dcb4246*&apos;
System info: os.name: &apos;Windows 10&apos;, os.arch: &apos;amd64&apos;, os.version: &apos;10.0&apos;, java.version: &apos;24.0.2&apos;
Driver info: org.openqa.selenium.chrome.ChromeDriver
Capabilities {acceptInsecureCerts: false, browserName: chrome, browserVersion: 139.0.7258.138, chrome: {chromedriverVersion: 139.0.7258.138 (884e54ea8d4..., userDataDir: C:\Users\saim0\AppData\Loca...}, fedcm:accounts: true, goog:chromeOptions: {debuggerAddress: localhost:50495}, networkConnectionEnabled: false, pageLoadStrategy: normal, platformName: windows, proxy: Proxy(), se:cdp: ws://localhost:50495/devtoo..., se:cdpVersion: 139.0.7258.138, setWindowRect: true, strictFileInteractability: false, timeouts: {implicit: 0, pageLoad: 300000, script: 30000}, unhandledPromptBehavior: dismiss and notify, webauthn:extension:credBlob: true, webauthn:extension:largeBlob: true, webauthn:extension:minPinLength: true, webauthn:extension:prf: true, webauthn:virtualAuthenticators: true}
Session ID: 0abb41504bcbf3cfbf4694765faeee78
	at org.openqa.selenium.support.ui.WebDriverWait.timeoutException(WebDriverWait.java:84)
	at org.openqa.selenium.support.ui.FluentWait.until(FluentWait.java:228)
	at pages.LoginPage.setUsername(LoginPage.java:26)
	at com.Parabank.Login(Parabank.java:92)
	at java.base/java.util.ArrayList.forEach(ArrayList.java:1604)
... Removed 25 stack frames</div></td></tr></table><p class="totop"><a href="#summary">back to summary</a></p>
<h3 id="m2">com.Parabank#RegisterNewUser</h3><table class="result"><tr class="param"><th>Parameter #1</th><th>Parameter #2</th><th>Parameter #3</th><th>Parameter #4</th><th>Parameter #5</th><th>Parameter #6</th><th>Parameter #7</th><th>Parameter #8</th><th>Parameter #9</th><th>Parameter #10</th><th>Parameter #11</th></tr><tr class="param stripe"><td>Prabal</td><td>Kumar</td><td>MG Road</td><td>Bangalore</td><td>KA</td><td>560001.0</td><td>9.12345678E9</td><td>190.0</td><td>prabaluser1290180</td><td>prabal@123</td><td>prabal@123</td></tr><tr><th colspan="11">Exception</th></tr><tr><td colspan="11"><div class="stacktrace">org.openqa.selenium.TimeoutException: Expected condition failed: waiting for element to be clickable: By.linkText: Log Out (tried for 10 second(s) with 500 milliseconds interval)
Build info: version: &apos;4.34.0&apos;, revision: &apos;707dcb4246*&apos;
System info: os.name: &apos;Windows 10&apos;, os.arch: &apos;amd64&apos;, os.version: &apos;10.0&apos;, java.version: &apos;24.0.2&apos;
Driver info: org.openqa.selenium.chrome.ChromeDriver
Capabilities {acceptInsecureCerts: false, browserName: chrome, browserVersion: 139.0.7258.138, chrome: {chromedriverVersion: 139.0.7258.138 (884e54ea8d4..., userDataDir: C:\Users\saim0\AppData\Loca...}, fedcm:accounts: true, goog:chromeOptions: {debuggerAddress: localhost:50495}, networkConnectionEnabled: false, pageLoadStrategy: normal, platformName: windows, proxy: Proxy(), se:cdp: ws://localhost:50495/devtoo..., se:cdpVersion: 139.0.7258.138, setWindowRect: true, strictFileInteractability: false, timeouts: {implicit: 0, pageLoad: 300000, script: 30000}, unhandledPromptBehavior: dismiss and notify, webauthn:extension:credBlob: true, webauthn:extension:largeBlob: true, webauthn:extension:minPinLength: true, webauthn:extension:prf: true, webauthn:virtualAuthenticators: true}
Session ID: 0abb41504bcbf3cfbf4694765faeee78
	at org.openqa.selenium.support.ui.WebDriverWait.timeoutException(WebDriverWait.java:84)
	at org.openqa.selenium.support.ui.FluentWait.until(FluentWait.java:228)
	at com.Parabank.RegisterNewUser(Parabank.java:81)
	at java.base/java.util.ArrayList.forEach(ArrayList.java:1604)
... Removed 25 stack frames</div></td></tr></table><p class="totop"><a href="#summary">back to summary</a></p>
<h3 id="m3">com.Parabank#RegisterNewUser</h3><table class="result"><tr class="param"><th>Parameter #1</th><th>Parameter #2</th><th>Parameter #3</th><th>Parameter #4</th><th>Parameter #5</th><th>Parameter #6</th><th>Parameter #7</th><th>Parameter #8</th><th>Parameter #9</th><th>Parameter #10</th><th>Parameter #11</th></tr><tr class="param stripe"><td>Sai</td><td>Mallavarapu</td><td>Kandukur Street</td><td>Kandukur</td><td>AP</td><td>523105.0</td><td>9.999999999E9</td><td>129.0</td><td>saiuser1290180</td><td>sai@123</td><td>sai@123</td></tr><tr><th colspan="11">Exception</th></tr><tr><td colspan="11"><div class="stacktrace">org.openqa.selenium.TimeoutException: Expected condition failed: waiting for element to be clickable: By.linkText: Log Out (tried for 10 second(s) with 500 milliseconds interval)
Build info: version: &apos;4.34.0&apos;, revision: &apos;707dcb4246*&apos;
System info: os.name: &apos;Windows 10&apos;, os.arch: &apos;amd64&apos;, os.version: &apos;10.0&apos;, java.version: &apos;24.0.2&apos;
Driver info: org.openqa.selenium.chrome.ChromeDriver
Capabilities {acceptInsecureCerts: false, browserName: chrome, browserVersion: 139.0.7258.138, chrome: {chromedriverVersion: 139.0.7258.138 (884e54ea8d4..., userDataDir: C:\Users\saim0\AppData\Loca...}, fedcm:accounts: true, goog:chromeOptions: {debuggerAddress: localhost:50495}, networkConnectionEnabled: false, pageLoadStrategy: normal, platformName: windows, proxy: Proxy(), se:cdp: ws://localhost:50495/devtoo..., se:cdpVersion: 139.0.7258.138, setWindowRect: true, strictFileInteractability: false, timeouts: {implicit: 0, pageLoad: 300000, script: 30000}, unhandledPromptBehavior: dismiss and notify, webauthn:extension:credBlob: true, webauthn:extension:largeBlob: true, webauthn:extension:minPinLength: true, webauthn:extension:prf: true, webauthn:virtualAuthenticators: true}
Session ID: 0abb41504bcbf3cfbf4694765faeee78
	at org.openqa.selenium.support.ui.WebDriverWait.timeoutException(WebDriverWait.java:84)
	at org.openqa.selenium.support.ui.FluentWait.until(FluentWait.java:228)
	at com.Parabank.RegisterNewUser(Parabank.java:81)
	at java.base/java.util.ArrayList.forEach(ArrayList.java:1604)
... Removed 25 stack frames</div></td></tr></table><p class="totop"><a href="#summary">back to summary</a></p>
</body>
</html>
